1708600699.772625 client started (68168): version 3.4, socket /private/tmp/tmux-501/default, protocol 8
1708600699.772729 on Darwin 23.2.0 Darwin Kernel Version 23.2.0: Wed Nov 15 21:53:34 PST 2023; root:xnu-10002.61.3~2/RELEASE_ARM64_T8103
1708600699.772749 using libevent 2.1.12-stable select
1708600699.773029 using utf8proc 2.9.0
1708600699.773060 using ncurses 6.4 20221231
1708600699.773089 flags are 0x10010000
1708600699.773101 socket is /private/tmp/tmux-501/default
1708600699.773117 trying connect
1708600699.773174 add peer 0x160048000: 6 (0x0)
1708600699.777136 sending message 100 to peer 0x160048000 (4 bytes)
1708600699.777163 sending message 111 to peer 0x160048000 (8 bytes)
1708600699.777175 sending message 101 to peer 0x160048000 (15 bytes)
1708600699.777186 sending message 109 to peer 0x160048000 (4 bytes)
1708600699.777195 sending message 102 to peer 0x160048000 (13 bytes)
1708600699.777204 sending message 108 to peer 0x160048000 (27 bytes)
1708600699.777213 sending message 112 to peer 0x160048000 (58 bytes)
1708600699.777222 sending message 112 to peer 0x160048000 (5 bytes)
1708600699.777230 sending message 112 to peer 0x160048000 (5 bytes)
1708600699.777239 sending message 112 to peer 0x160048000 (6 bytes)
1708600699.777248 sending message 112 to peer 0x160048000 (6 bytes)
1708600699.777256 sending message 112 to peer 0x160048000 (11 bytes)
1708600699.777265 sending message 112 to peer 0x160048000 (10 bytes)
1708600699.777273 sending message 112 to peer 0x160048000 (13 bytes)
1708600699.777282 sending message 112 to peer 0x160048000 (14 bytes)
1708600699.777290 sending message 112 to peer 0x160048000 (19 bytes)
1708600699.777299 sending message 112 to peer 0x160048000 (11 bytes)
1708600699.777309 sending message 112 to peer 0x160048000 (10 bytes)
1708600699.777318 sending message 112 to peer 0x160048000 (15 bytes)
1708600699.777326 sending message 112 to peer 0x160048000 (21 bytes)
1708600699.777333 sending message 112 to peer 0x160048000 (13 bytes)
1708600699.777340 sending message 112 to peer 0x160048000 (7 bytes)
1708600699.777347 sending message 112 to peer 0x160048000 (13 bytes)
1708600699.777353 sending message 112 to peer 0x160048000 (7 bytes)
1708600699.777361 sending message 112 to peer 0x160048000 (13 bytes)
1708600699.777367 sending message 112 to peer 0x160048000 (9 bytes)
1708600699.777374 sending message 112 to peer 0x160048000 (21 bytes)
1708600699.777381 sending message 112 to peer 0x160048000 (13 bytes)
1708600699.777388 sending message 112 to peer 0x160048000 (9 bytes)
1708600699.777396 sending message 112 to peer 0x160048000 (16 bytes)
1708600699.777403 sending message 112 to peer 0x160048000 (13 bytes)
1708600699.777410 sending message 112 to peer 0x160048000 (9 bytes)
1708600699.777417 sending message 112 to peer 0x160048000 (9 bytes)
1708600699.777424 sending message 112 to peer 0x160048000 (12 bytes)
1708600699.777431 sending message 112 to peer 0x160048000 (8 bytes)
1708600699.777438 sending message 112 to peer 0x160048000 (8 bytes)
1708600699.777445 sending message 112 to peer 0x160048000 (13 bytes)
1708600699.777452 sending message 112 to peer 0x160048000 (7 bytes)
1708600699.777459 sending message 112 to peer 0x160048000 (7 bytes)
1708600699.777466 sending message 112 to peer 0x160048000 (9 bytes)
1708600699.777473 sending message 112 to peer 0x160048000 (9 bytes)
1708600699.777480 sending message 112 to peer 0x160048000 (15 bytes)
1708600699.777487 sending message 112 to peer 0x160048000 (13 bytes)
1708600699.777494 sending message 112 to peer 0x160048000 (12 bytes)
1708600699.777500 sending message 112 to peer 0x160048000 (8 bytes)
1708600699.777507 sending message 112 to peer 0x160048000 (14 bytes)
1708600699.777514 sending message 112 to peer 0x160048000 (11 bytes)
1708600699.777521 sending message 112 to peer 0x160048000 (9 bytes)
1708600699.777528 sending message 112 to peer 0x160048000 (10 bytes)
1708600699.777535 sending message 112 to peer 0x160048000 (10 bytes)
1708600699.777542 sending message 112 to peer 0x160048000 (10 bytes)
1708600699.777549 sending message 112 to peer 0x160048000 (10 bytes)
1708600699.777580 sending message 112 to peer 0x160048000 (11 bytes)
1708600699.777585 sending message 112 to peer 0x160048000 (12 bytes)
1708600699.777590 sending message 112 to peer 0x160048000 (12 bytes)
1708600699.777595 sending message 112 to peer 0x160048000 (12 bytes)
1708600699.777600 sending message 112 to peer 0x160048000 (12 bytes)
1708600699.777605 sending message 112 to peer 0x160048000 (12 bytes)
1708600699.777610 sending message 112 to peer 0x160048000 (11 bytes)
1708600699.777615 sending message 112 to peer 0x160048000 (11 bytes)
1708600699.777620 sending message 112 to peer 0x160048000 (12 bytes)
1708600699.777624 sending message 112 to peer 0x160048000 (12 bytes)
1708600699.777629 sending message 112 to peer 0x160048000 (12 bytes)
1708600699.777634 sending message 112 to peer 0x160048000 (12 bytes)
1708600699.777639 sending message 112 to peer 0x160048000 (12 bytes)
1708600699.777644 sending message 112 to peer 0x160048000 (9 bytes)
1708600699.777648 sending message 112 to peer 0x160048000 (12 bytes)
1708600699.777653 sending message 112 to peer 0x160048000 (13 bytes)
1708600699.777658 sending message 112 to peer 0x160048000 (13 bytes)
1708600699.777663 sending message 112 to peer 0x160048000 (13 bytes)
1708600699.777668 sending message 112 to peer 0x160048000 (13 bytes)
1708600699.777672 sending message 112 to peer 0x160048000 (13 bytes)
1708600699.777677 sending message 112 to peer 0x160048000 (8 bytes)
1708600699.777682 sending message 112 to peer 0x160048000 (11 bytes)
1708600699.777687 sending message 112 to peer 0x160048000 (11 bytes)
1708600699.777692 sending message 112 to peer 0x160048000 (11 bytes)
1708600699.777697 sending message 112 to peer 0x160048000 (12 bytes)
1708600699.777701 sending message 112 to peer 0x160048000 (12 bytes)
1708600699.777706 sending message 112 to peer 0x160048000 (12 bytes)
1708600699.777711 sending message 112 to peer 0x160048000 (12 bytes)
1708600699.777716 sending message 112 to peer 0x160048000 (13 bytes)
1708600699.777721 sending message 112 to peer 0x160048000 (13 bytes)
1708600699.777725 sending message 112 to peer 0x160048000 (13 bytes)
1708600699.777730 sending message 112 to peer 0x160048000 (8 bytes)
1708600699.777735 sending message 112 to peer 0x160048000 (13 bytes)
1708600699.777740 sending message 112 to peer 0x160048000 (13 bytes)
1708600699.777745 sending message 112 to peer 0x160048000 (13 bytes)
1708600699.777749 sending message 112 to peer 0x160048000 (13 bytes)
1708600699.777754 sending message 112 to peer 0x160048000 (13 bytes)
1708600699.777759 sending message 112 to peer 0x160048000 (12 bytes)
1708600699.777764 sending message 112 to peer 0x160048000 (12 bytes)
1708600699.777769 sending message 112 to peer 0x160048000 (12 bytes)
1708600699.777773 sending message 112 to peer 0x160048000 (12 bytes)
1708600699.777778 sending message 112 to peer 0x160048000 (13 bytes)
1708600699.777783 sending message 112 to peer 0x160048000 (8 bytes)
1708600699.777788 sending message 112 to peer 0x160048000 (13 bytes)
1708600699.777793 sending message 112 to peer 0x160048000 (13 bytes)
1708600699.777797 sending message 112 to peer 0x160048000 (13 bytes)
1708600699.777802 sending message 112 to peer 0x160048000 (13 bytes)
1708600699.777807 sending message 112 to peer 0x160048000 (13 bytes)
1708600699.777812 sending message 112 to peer 0x160048000 (13 bytes)
1708600699.777817 sending message 112 to peer 0x160048000 (13 bytes)
1708600699.777821 sending message 112 to peer 0x160048000 (12 bytes)
1708600699.777826 sending message 112 to peer 0x160048000 (12 bytes)
1708600699.777831 sending message 112 to peer 0x160048000 (12 bytes)
1708600699.777836 sending message 112 to peer 0x160048000 (8 bytes)
1708600699.777841 sending message 112 to peer 0x160048000 (12 bytes)
1708600699.777846 sending message 112 to peer 0x160048000 (13 bytes)
1708600699.777850 sending message 112 to peer 0x160048000 (13 bytes)
1708600699.777855 sending message 112 to peer 0x160048000 (13 bytes)
1708600699.777860 sending message 112 to peer 0x160048000 (13 bytes)
1708600699.777865 sending message 112 to peer 0x160048000 (13 bytes)
1708600699.777879 sending message 112 to peer 0x160048000 (13 bytes)
1708600699.777884 sending message 112 to peer 0x160048000 (13 bytes)
1708600699.777889 sending message 112 to peer 0x160048000 (13 bytes)
1708600699.777894 sending message 112 to peer 0x160048000 (12 bytes)
1708600699.777898 sending message 112 to peer 0x160048000 (10 bytes)
1708600699.777903 sending message 112 to peer 0x160048000 (12 bytes)
1708600699.777908 sending message 112 to peer 0x160048000 (12 bytes)
1708600699.777913 sending message 112 to peer 0x160048000 (12 bytes)
1708600699.777918 sending message 112 to peer 0x160048000 (13 bytes)
1708600699.777923 sending message 112 to peer 0x160048000 (13 bytes)
1708600699.777927 sending message 112 to peer 0x160048000 (13 bytes)
1708600699.777932 sending message 112 to peer 0x160048000 (13 bytes)
1708600699.777937 sending message 112 to peer 0x160048000 (13 bytes)
1708600699.777942 sending message 112 to peer 0x160048000 (13 bytes)
1708600699.777947 sending message 112 to peer 0x160048000 (13 bytes)
1708600699.777951 sending message 112 to peer 0x160048000 (10 bytes)
1708600699.777956 sending message 112 to peer 0x160048000 (13 bytes)
1708600699.777961 sending message 112 to peer 0x160048000 (12 bytes)
1708600699.777966 sending message 112 to peer 0x160048000 (12 bytes)
1708600699.777971 sending message 112 to peer 0x160048000 (12 bytes)
1708600699.777975 sending message 112 to peer 0x160048000 (10 bytes)
1708600699.777980 sending message 112 to peer 0x160048000 (10 bytes)
1708600699.777985 sending message 112 to peer 0x160048000 (10 bytes)
1708600699.777990 sending message 112 to peer 0x160048000 (12 bytes)
1708600699.777995 sending message 112 to peer 0x160048000 (13 bytes)
1708600699.777999 sending message 112 to peer 0x160048000 (13 bytes)
1708600699.778004 sending message 112 to peer 0x160048000 (13 bytes)
1708600699.778009 sending message 112 to peer 0x160048000 (13 bytes)
1708600699.778014 sending message 112 to peer 0x160048000 (13 bytes)
1708600699.778018 sending message 112 to peer 0x160048000 (10 bytes)
1708600699.778023 sending message 112 to peer 0x160048000 (11 bytes)
1708600699.778028 sending message 112 to peer 0x160048000 (12 bytes)
1708600699.778033 sending message 112 to peer 0x160048000 (12 bytes)
1708600699.778038 sending message 112 to peer 0x160048000 (12 bytes)
1708600699.778043 sending message 112 to peer 0x160048000 (12 bytes)
1708600699.778047 sending message 112 to peer 0x160048000 (12 bytes)
1708600699.778052 sending message 112 to peer 0x160048000 (11 bytes)
1708600699.778057 sending message 112 to peer 0x160048000 (12 bytes)
1708600699.778062 sending message 112 to peer 0x160048000 (12 bytes)
1708600699.778067 sending message 112 to peer 0x160048000 (13 bytes)
1708600699.778072 sending message 112 to peer 0x160048000 (13 bytes)
1708600699.778076 sending message 112 to peer 0x160048000 (13 bytes)
1708600699.778081 sending message 112 to peer 0x160048000 (13 bytes)
1708600699.778086 sending message 112 to peer 0x160048000 (13 bytes)
1708600699.778091 sending message 112 to peer 0x160048000 (10 bytes)
1708600699.778095 sending message 112 to peer 0x160048000 (9 bytes)
1708600699.778100 sending message 112 to peer 0x160048000 (12 bytes)
1708600699.778105 sending message 112 to peer 0x160048000 (13 bytes)
1708600699.778110 sending message 112 to peer 0x160048000 (13 bytes)
1708600699.778115 sending message 112 to peer 0x160048000 (13 bytes)
1708600699.778120 sending message 112 to peer 0x160048000 (13 bytes)
1708600699.778125 sending message 112 to peer 0x160048000 (13 bytes)
1708600699.778129 sending message 112 to peer 0x160048000 (9 bytes)
1708600699.778134 sending message 112 to peer 0x160048000 (12 bytes)
1708600699.778139 sending message 112 to peer 0x160048000 (13 bytes)
1708600699.778144 sending message 112 to peer 0x160048000 (13 bytes)
1708600699.778148 sending message 112 to peer 0x160048000 (13 bytes)
1708600699.778153 sending message 112 to peer 0x160048000 (13 bytes)
1708600699.778158 sending message 112 to peer 0x160048000 (13 bytes)
1708600699.778170 sending message 112 to peer 0x160048000 (11 bytes)
1708600699.778175 sending message 112 to peer 0x160048000 (12 bytes)
1708600699.778180 sending message 112 to peer 0x160048000 (13 bytes)
1708600699.778185 sending message 112 to peer 0x160048000 (13 bytes)
1708600699.778190 sending message 112 to peer 0x160048000 (13 bytes)
1708600699.778194 sending message 112 to peer 0x160048000 (13 bytes)
1708600699.778199 sending message 112 to peer 0x160048000 (13 bytes)
1708600699.778204 sending message 112 to peer 0x160048000 (11 bytes)
1708600699.778209 sending message 112 to peer 0x160048000 (12 bytes)
1708600699.778214 sending message 112 to peer 0x160048000 (12 bytes)
1708600699.778218 sending message 112 to peer 0x160048000 (12 bytes)
1708600699.778223 sending message 112 to peer 0x160048000 (12 bytes)
1708600699.778228 sending message 112 to peer 0x160048000 (12 bytes)
1708600699.778233 sending message 112 to peer 0x160048000 (21 bytes)
1708600699.778238 sending message 112 to peer 0x160048000 (12 bytes)
1708600699.778242 sending message 112 to peer 0x160048000 (9 bytes)
1708600699.778247 sending message 112 to peer 0x160048000 (6 bytes)
1708600699.778252 sending message 112 to peer 0x160048000 (13 bytes)
1708600699.778257 sending message 112 to peer 0x160048000 (10 bytes)
1708600699.778262 sending message 112 to peer 0x160048000 (24 bytes)
1708600699.778267 sending message 112 to peer 0x160048000 (13 bytes)
1708600699.778272 sending message 112 to peer 0x160048000 (9 bytes)
1708600699.778277 sending message 112 to peer 0x160048000 (70 bytes)
1708600699.778281 sending message 112 to peer 0x160048000 (69 bytes)
1708600699.778286 sending message 112 to peer 0x160048000 (12 bytes)
1708600699.778291 sending message 112 to peer 0x160048000 (10 bytes)
1708600699.778296 sending message 112 to peer 0x160048000 (10 bytes)
1708600699.778301 sending message 112 to peer 0x160048000 (24 bytes)
1708600699.778305 sending message 112 to peer 0x160048000 (13 bytes)
1708600699.778310 sending message 112 to peer 0x160048000 (10 bytes)
1708600699.778315 sending message 112 to peer 0x160048000 (10 bytes)
1708600699.778320 sending message 112 to peer 0x160048000 (10 bytes)
1708600699.778325 sending message 112 to peer 0x160048000 (13 bytes)
1708600699.778329 sending message 112 to peer 0x160048000 (15 bytes)
1708600699.778334 sending message 112 to peer 0x160048000 (5 bytes)
1708600699.778341 sending message 104 to peer 0x160048000 (0 bytes)
1708600699.778352 sending message 110 to peer 0x160048000 (0 bytes)
1708600699.778357 sending message 107 to peer 0x160048000 (4 bytes)
1708600699.778362 sending message 105 to peer 0x160048000 (83 bytes)
1708600699.778368 sending message 105 to peer 0x160048000 (87 bytes)
1708600699.778372 sending message 105 to peer 0x160048000 (31 bytes)
1708600699.778377 sending message 105 to peer 0x160048000 (20 bytes)
1708600699.778382 sending message 105 to peer 0x160048000 (22 bytes)
1708600699.778387 sending message 105 to peer 0x160048000 (19 bytes)
1708600699.778392 sending message 105 to peer 0x160048000 (69 bytes)
1708600699.778397 sending message 105 to peer 0x160048000 (76 bytes)
1708600699.778402 sending message 105 to peer 0x160048000 (84 bytes)
1708600699.778407 sending message 105 to peer 0x160048000 (37 bytes)
1708600699.778412 sending message 105 to peer 0x160048000 (63 bytes)
1708600699.778417 sending message 105 to peer 0x160048000 (30 bytes)
1708600699.778421 sending message 105 to peer 0x160048000 (34 bytes)
1708600699.778426 sending message 105 to peer 0x160048000 (60 bytes)
1708600699.778431 sending message 105 to peer 0x160048000 (15 bytes)
1708600699.778436 sending message 105 to peer 0x160048000 (8 bytes)
1708600699.778441 sending message 105 to peer 0x160048000 (15 bytes)
1708600699.778446 sending message 105 to peer 0x160048000 (32 bytes)
1708600699.778450 sending message 105 to peer 0x160048000 (96 bytes)
1708600699.778455 sending message 105 to peer 0x160048000 (94 bytes)
1708600699.778460 sending message 105 to peer 0x160048000 (21 bytes)
1708600699.778475 sending message 105 to peer 0x160048000 (11 bytes)
1708600699.778480 sending message 105 to peer 0x160048000 (424 bytes)
1708600699.778486 sending message 105 to peer 0x160048000 (31 bytes)
1708600699.778491 sending message 105 to peer 0x160048000 (15 bytes)
1708600699.778496 sending message 105 to peer 0x160048000 (8 bytes)
1708600699.778501 sending message 105 to peer 0x160048000 (66 bytes)
1708600699.778506 sending message 105 to peer 0x160048000 (20 bytes)
1708600699.778511 sending message 105 to peer 0x160048000 (18 bytes)
1708600699.778515 sending message 105 to peer 0x160048000 (25 bytes)
1708600699.778520 sending message 105 to peer 0x160048000 (57 bytes)
1708600699.778525 sending message 105 to peer 0x160048000 (43 bytes)
1708600699.778530 sending message 105 to peer 0x160048000 (13 bytes)
1708600699.778535 sending message 105 to peer 0x160048000 (61 bytes)
1708600699.778540 sending message 105 to peer 0x160048000 (12 bytes)
1708600699.778544 sending message 105 to peer 0x160048000 (20 bytes)
1708600699.778549 sending message 105 to peer 0x160048000 (14 bytes)
1708600699.778554 sending message 105 to peer 0x160048000 (19 bytes)
1708600699.778559 sending message 105 to peer 0x160048000 (29 bytes)
1708600699.778564 sending message 105 to peer 0x160048000 (35 bytes)
1708600699.778569 sending message 105 to peer 0x160048000 (34 bytes)
1708600699.778573 sending message 105 to peer 0x160048000 (25 bytes)
1708600699.778584 sending message 106 to peer 0x160048000 (0 bytes)
1708600699.778673 sending message 200 to peer 0x160048000 (4 bytes)
1708600699.778681 client loop enter
1708600699.778946 peer 0x160048000 message 303
1708600699.778957 open write file 2 -
1708600699.778969 sending message 305 to peer 0x160048000 (8 bytes)
1708600699.778984 write check file 2
1708600699.779011 peer 0x160048000 message 304
1708600699.779017 write 58 to file 2
1708600699.779024 peer 0x160048000 message 203
1708600699.779029 file 2 58 bytes left
1708600699.779046 write check file 2
1708600699.779051 client loop exit
